2022-03-24 12:05:53,068 - kedro.framework.session.session - INFO - ** Kedro project kedro-airflow-iris
2022-03-24 12:06:07,208 - kedro.io.data_catalog - INFO - Loading data from `example_iris_data` (CSVDataSet)...
2022-03-24 12:06:07,216 - kedro.io.data_catalog - INFO - Loading data from `params:example_test_data_ratio` (MemoryDataSet)...
2022-03-24 12:06:07,216 - kedro.pipeline.node - INFO - Running node: split: split_data([example_iris_data,params:example_test_data_ratio]) -> [example_train_x,example_train_y,example_test_x,example_test_y]
2022-03-24 12:06:07,225 - kedro.io.data_catalog - INFO - Saving data to `example_train_x` (PickleDataSet)...
2022-03-24 12:06:07,226 - kedro.io.data_catalog - INFO - Saving data to `example_train_y` (PickleDataSet)...
2022-03-24 12:06:07,227 - kedro.io.data_catalog - INFO - Saving data to `example_test_x` (PickleDataSet)...
2022-03-24 12:06:07,229 - kedro.io.data_catalog - INFO - Saving data to `example_test_y` (PickleDataSet)...
2022-03-24 12:06:07,230 - kedro.runner.sequential_runner - INFO - Completed 1 out of 4 tasks
2022-03-24 12:06:07,230 - kedro.io.data_catalog - INFO - Loading data from `example_train_x` (PickleDataSet)...
2022-03-24 12:06:07,235 - kedro.io.data_catalog - INFO - Loading data from `example_train_y` (PickleDataSet)...
2022-03-24 12:06:07,238 - kedro.io.data_catalog - INFO - Loading data from `parameters` (MemoryDataSet)...
2022-03-24 12:06:07,239 - kedro.pipeline.node - INFO - Running node: train: train_model([example_train_x,example_train_y,parameters]) -> [example_model]
2022-03-24 12:06:07,569 - kedro.io.data_catalog - INFO - Saving data to `example_model` (PickleDataSet)...
2022-03-24 12:06:07,571 - kedro.runner.sequential_runner - INFO - Completed 2 out of 4 tasks
2022-03-24 12:06:07,571 - kedro.io.data_catalog - INFO - Loading data from `example_model` (PickleDataSet)...
2022-03-24 12:06:07,573 - kedro.io.data_catalog - INFO - Loading data from `example_test_x` (PickleDataSet)...
2022-03-24 12:06:07,578 - kedro.pipeline.node - INFO - Running node: predict: predict([example_model,example_test_x]) -> [example_predictions]
2022-03-24 12:06:07,578 - kedro.io.data_catalog - INFO - Saving data to `example_predictions` (PickleDataSet)...
2022-03-24 12:06:07,580 - kedro.runner.sequential_runner - INFO - Completed 3 out of 4 tasks
2022-03-24 12:06:07,580 - kedro.io.data_catalog - INFO - Loading data from `example_predictions` (PickleDataSet)...
2022-03-24 12:06:07,583 - kedro.io.data_catalog - INFO - Loading data from `example_test_y` (PickleDataSet)...
2022-03-24 12:06:07,586 - kedro.pipeline.node - INFO - Running node: report: report_accuracy([example_predictions,example_test_y]) -> None
2022-03-24 12:06:07,587 - new_kedro_project.pipelines.data_science.nodes - INFO - Model accuracy on test set: 96.67%
2022-03-24 12:06:07,587 - kedro.runner.sequential_runner - INFO - Completed 4 out of 4 tasks
2022-03-24 12:06:07,587 - kedro.runner.sequential_runner - INFO - Pipeline execution completed successfully.
2022-03-24 12:06:07,587 - kedro.framework.session.store - INFO - `save()` not implemented for `BaseSessionStore`. Skipping the step.
2022-03-24 13:31:53,123 - kedro.framework.session.store - INFO - `save()` not implemented for `BaseSessionStore`. Skipping the step.
2022-03-24 13:39:36,872 - kedro.framework.session.store - INFO - `save()` not implemented for `BaseSessionStore`. Skipping the step.
2022-03-24 13:44:16,496 - kedro.framework.session.session - INFO - ** Kedro project kedro-airflow-iris
2022-03-24 13:44:17,427 - kedro.framework.session.store - INFO - `save()` not implemented for `BaseSessionStore`. Skipping the step.
2022-03-24 13:44:30,249 - kedro.framework.session.session - INFO - ** Kedro project kedro-airflow-iris
2022-03-24 13:44:30,952 - kedro.io.data_catalog - INFO - Loading data from `example_iris_data` (CSVDataSet)...
2022-03-24 13:44:30,967 - kedro.io.data_catalog - INFO - Loading data from `params:example_test_data_ratio` (MemoryDataSet)...
2022-03-24 13:44:30,968 - kedro.pipeline.node - INFO - Running node: split: split_data([example_iris_data,params:example_test_data_ratio]) -> [example_train_x,example_train_y,example_test_x,example_test_y]
2022-03-24 13:44:30,999 - kedro.io.data_catalog - INFO - Saving data to `example_train_x` (PickleDataSet)...
2022-03-24 13:44:31,008 - kedro.io.data_catalog - INFO - Saving data to `example_train_y` (PickleDataSet)...
2022-03-24 13:44:31,014 - kedro.io.data_catalog - INFO - Saving data to `example_test_x` (PickleDataSet)...
2022-03-24 13:44:31,022 - kedro.io.data_catalog - INFO - Saving data to `example_test_y` (PickleDataSet)...
2022-03-24 13:44:31,029 - kedro.runner.sequential_runner - INFO - Completed 1 out of 4 tasks
2022-03-24 13:44:31,029 - kedro.io.data_catalog - INFO - Loading data from `example_train_x` (PickleDataSet)...
2022-03-24 13:44:31,031 - kedro.io.data_catalog - INFO - Loading data from `example_train_y` (PickleDataSet)...
2022-03-24 13:44:31,032 - kedro.io.data_catalog - INFO - Loading data from `parameters` (MemoryDataSet)...
2022-03-24 13:44:31,032 - kedro.pipeline.node - INFO - Running node: train: train_model([example_train_x,example_train_y,parameters]) -> [example_model]
2022-03-24 13:44:31,407 - kedro.io.data_catalog - INFO - Saving data to `example_model` (PickleDataSet)...
2022-03-24 13:44:31,412 - kedro.runner.sequential_runner - INFO - Completed 2 out of 4 tasks
2022-03-24 13:44:31,412 - kedro.io.data_catalog - INFO - Loading data from `example_model` (PickleDataSet)...
2022-03-24 13:44:31,414 - kedro.io.data_catalog - INFO - Loading data from `example_test_x` (PickleDataSet)...
2022-03-24 13:44:31,415 - kedro.pipeline.node - INFO - Running node: predict: predict([example_model,example_test_x]) -> [example_predictions]
2022-03-24 13:44:31,416 - kedro.io.data_catalog - INFO - Saving data to `example_predictions` (PickleDataSet)...
2022-03-24 13:44:31,424 - kedro.runner.sequential_runner - INFO - Completed 3 out of 4 tasks
2022-03-24 13:44:31,424 - kedro.io.data_catalog - INFO - Loading data from `example_predictions` (PickleDataSet)...
2022-03-24 13:44:31,425 - kedro.io.data_catalog - INFO - Loading data from `example_test_y` (PickleDataSet)...
2022-03-24 13:44:31,426 - kedro.pipeline.node - INFO - Running node: report: report_accuracy([example_predictions,example_test_y]) -> None
2022-03-24 13:44:31,426 - new_kedro_project.pipelines.data_science.nodes - INFO - Model accuracy on test set: 100.00%
2022-03-24 13:44:31,427 - kedro.runner.sequential_runner - INFO - Completed 4 out of 4 tasks
2022-03-24 13:44:31,427 - kedro.runner.sequential_runner - INFO - Pipeline execution completed successfully.
2022-03-24 13:44:31,427 - kedro.framework.session.store - INFO - `save()` not implemented for `BaseSessionStore`. Skipping the step.
2022-03-24 14:30:09,542 - kedro.framework.session.session - INFO - ** Kedro project kedro-airflow-iris
2022-03-24 14:30:16,171 - kedro.io.data_catalog - INFO - Loading data from `example_iris_data` (CSVDataSet)...
2022-03-24 14:30:16,190 - kedro.io.data_catalog - INFO - Loading data from `params:example_test_data_ratio` (MemoryDataSet)...
2022-03-24 14:30:16,190 - kedro.pipeline.node - INFO - Running node: split: split_data([example_iris_data,params:example_test_data_ratio]) -> [example_train_x,example_train_y,example_test_x,example_test_y]
2022-03-24 14:30:16,190 - root - INFO - Start1
2022-03-24 14:30:16,191 - root - INFO - Start2
2022-03-24 14:30:16,211 - root - INFO - Start3
2022-03-24 14:30:16,215 - root - INFO - Start4
2022-03-24 14:30:16,231 - kedro.io.data_catalog - INFO - Saving data to `example_train_x` (PickleDataSet)...
2022-03-24 14:30:16,235 - kedro.io.data_catalog - INFO - Saving data to `example_train_y` (PickleDataSet)...
2022-03-24 14:30:16,237 - kedro.io.data_catalog - INFO - Saving data to `example_test_x` (PickleDataSet)...
2022-03-24 14:30:16,239 - kedro.io.data_catalog - INFO - Saving data to `example_test_y` (PickleDataSet)...
2022-03-24 14:30:16,241 - kedro.runner.sequential_runner - INFO - Completed 1 out of 4 tasks
2022-03-24 14:30:16,241 - kedro.io.data_catalog - INFO - Loading data from `example_train_x` (PickleDataSet)...
2022-03-24 14:30:16,242 - kedro.io.data_catalog - INFO - Loading data from `example_train_y` (PickleDataSet)...
2022-03-24 14:30:16,244 - kedro.io.data_catalog - INFO - Loading data from `parameters` (MemoryDataSet)...
2022-03-24 14:30:16,244 - kedro.pipeline.node - INFO - Running node: train: train_model([example_train_x,example_train_y,parameters]) -> [example_model]
2022-03-24 14:30:16,616 - kedro.io.data_catalog - INFO - Saving data to `example_model` (PickleDataSet)...
2022-03-24 14:30:16,618 - kedro.runner.sequential_runner - INFO - Completed 2 out of 4 tasks
2022-03-24 14:30:16,618 - kedro.io.data_catalog - INFO - Loading data from `example_model` (PickleDataSet)...
2022-03-24 14:30:16,619 - kedro.io.data_catalog - INFO - Loading data from `example_test_x` (PickleDataSet)...
2022-03-24 14:30:16,620 - kedro.pipeline.node - INFO - Running node: predict: predict([example_model,example_test_x]) -> [example_predictions]
2022-03-24 14:30:16,622 - kedro.io.data_catalog - INFO - Saving data to `example_predictions` (PickleDataSet)...
2022-03-24 14:30:16,624 - kedro.runner.sequential_runner - INFO - Completed 3 out of 4 tasks
2022-03-24 14:30:16,624 - kedro.io.data_catalog - INFO - Loading data from `example_predictions` (PickleDataSet)...
2022-03-24 14:30:16,625 - kedro.io.data_catalog - INFO - Loading data from `example_test_y` (PickleDataSet)...
2022-03-24 14:30:16,627 - kedro.pipeline.node - INFO - Running node: report: report_accuracy([example_predictions,example_test_y]) -> None
2022-03-24 14:30:16,627 - new_kedro_project.pipelines.data_science.nodes - INFO - Model accuracy on test set: 96.67%
2022-03-24 14:30:16,627 - kedro.runner.sequential_runner - INFO - Completed 4 out of 4 tasks
2022-03-24 14:30:16,628 - kedro.runner.sequential_runner - INFO - Pipeline execution completed successfully.
2022-03-24 14:30:16,628 - kedro.framework.session.store - INFO - `save()` not implemented for `BaseSessionStore`. Skipping the step.
2022-03-29 11:56:21,213 - kedro.framework.session.session - INFO - ** Kedro project kedro-airflow-iris
2022-03-29 11:56:21,281 - kedro.framework.session.store - INFO - `save()` not implemented for `BaseSessionStore`. Skipping the step.
2022-03-29 11:56:57,753 - kedro.framework.session.session - INFO - ** Kedro project kedro-airflow-iris
2022-03-29 11:57:09,601 - kedro.framework.session.store - INFO - `save()` not implemented for `BaseSessionStore`. Skipping the step.
2022-03-29 11:58:24,793 - kedro.framework.session.session - INFO - ** Kedro project kedro-airflow-iris
2022-03-29 11:58:25,311 - kedro.io.data_catalog - INFO - Loading data from `example_iris_data` (CSVDataSet)...
2022-03-29 11:58:25,318 - kedro.io.data_catalog - INFO - Loading data from `params:example_test_data_ratio` (MemoryDataSet)...
2022-03-29 11:58:25,319 - kedro.pipeline.node - INFO - Running node: split: split_data([example_iris_data,params:example_test_data_ratio]) -> [example_train_x,example_train_y,example_test_x,example_test_y]
2022-03-29 11:58:25,319 - root - INFO - Start1
2022-03-29 11:58:25,319 - root - INFO - Start2
2022-03-29 11:58:25,323 - root - INFO - Start3
2022-03-29 11:58:25,323 - root - INFO - Start4
2022-03-29 11:58:25,328 - kedro.io.data_catalog - INFO - Saving data to `example_train_x` (PickleDataSet)...
2022-03-29 11:58:25,332 - kedro.io.data_catalog - INFO - Saving data to `example_train_y` (PickleDataSet)...
2022-03-29 11:58:25,340 - kedro.io.data_catalog - INFO - Saving data to `example_test_x` (PickleDataSet)...
2022-03-29 11:58:25,346 - kedro.io.data_catalog - INFO - Saving data to `example_test_y` (PickleDataSet)...
2022-03-29 11:58:25,355 - kedro.runner.sequential_runner - INFO - Completed 1 out of 4 tasks
2022-03-29 11:58:25,355 - kedro.io.data_catalog - INFO - Loading data from `example_train_x` (PickleDataSet)...
2022-03-29 11:58:25,356 - kedro.io.data_catalog - INFO - Loading data from `example_train_y` (PickleDataSet)...
2022-03-29 11:58:25,358 - kedro.io.data_catalog - INFO - Loading data from `parameters` (MemoryDataSet)...
2022-03-29 11:58:25,358 - kedro.pipeline.node - INFO - Running node: train: train_model([example_train_x,example_train_y,parameters]) -> [example_model]
2022-03-29 11:58:25,716 - kedro.io.data_catalog - INFO - Saving data to `example_model` (PickleDataSet)...
2022-03-29 11:58:25,720 - kedro.runner.sequential_runner - INFO - Completed 2 out of 4 tasks
2022-03-29 11:58:25,721 - kedro.io.data_catalog - INFO - Loading data from `example_model` (PickleDataSet)...
2022-03-29 11:58:25,722 - kedro.io.data_catalog - INFO - Loading data from `example_test_x` (PickleDataSet)...
2022-03-29 11:58:25,723 - kedro.pipeline.node - INFO - Running node: predict: predict([example_model,example_test_x]) -> [example_predictions]
2022-03-29 11:58:25,724 - kedro.io.data_catalog - INFO - Saving data to `example_predictions` (PickleDataSet)...
2022-03-29 11:58:25,728 - kedro.runner.sequential_runner - INFO - Completed 3 out of 4 tasks
2022-03-29 11:58:25,728 - kedro.io.data_catalog - INFO - Loading data from `example_predictions` (PickleDataSet)...
2022-03-29 11:58:25,729 - kedro.io.data_catalog - INFO - Loading data from `example_test_y` (PickleDataSet)...
2022-03-29 11:58:25,731 - kedro.pipeline.node - INFO - Running node: report: report_accuracy([example_predictions,example_test_y]) -> None
2022-03-29 11:58:25,731 - new_kedro_project.pipelines.data_science.nodes - INFO - Model accuracy on test set: 96.67%
2022-03-29 11:58:25,732 - kedro.runner.sequential_runner - INFO - Completed 4 out of 4 tasks
2022-03-29 11:58:25,732 - kedro.runner.sequential_runner - INFO - Pipeline execution completed successfully.
2022-03-29 11:58:25,733 - kedro.framework.session.store - INFO - `save()` not implemented for `BaseSessionStore`. Skipping the step.
2022-03-29 11:58:29,892 - kedro.framework.session.session - INFO - ** Kedro project kedro-airflow-iris
2022-03-29 11:58:30,326 - kedro.io.data_catalog - INFO - Loading data from `example_iris_data` (CSVDataSet)...
2022-03-29 11:58:30,330 - kedro.io.data_catalog - INFO - Loading data from `params:example_test_data_ratio` (MemoryDataSet)...
2022-03-29 11:58:30,330 - kedro.pipeline.node - INFO - Running node: split: split_data([example_iris_data,params:example_test_data_ratio]) -> [example_train_x,example_train_y,example_test_x,example_test_y]
2022-03-29 11:58:30,330 - root - INFO - Start1
2022-03-29 11:58:30,330 - root - INFO - Start2
2022-03-29 11:58:30,333 - root - INFO - Start3
2022-03-29 11:58:30,334 - root - INFO - Start4
2022-03-29 11:58:30,339 - kedro.io.data_catalog - INFO - Saving data to `example_train_x` (PickleDataSet)...
2022-03-29 11:58:30,341 - kedro.io.data_catalog - INFO - Saving data to `example_train_y` (PickleDataSet)...
2022-03-29 11:58:30,342 - kedro.io.data_catalog - INFO - Saving data to `example_test_x` (PickleDataSet)...
2022-03-29 11:58:30,344 - kedro.io.data_catalog - INFO - Saving data to `example_test_y` (PickleDataSet)...
2022-03-29 11:58:30,345 - kedro.runner.sequential_runner - INFO - Completed 1 out of 4 tasks
2022-03-29 11:58:30,345 - kedro.io.data_catalog - INFO - Loading data from `example_train_x` (PickleDataSet)...
2022-03-29 11:58:30,346 - kedro.io.data_catalog - INFO - Loading data from `example_train_y` (PickleDataSet)...
2022-03-29 11:58:30,347 - kedro.io.data_catalog - INFO - Loading data from `parameters` (MemoryDataSet)...
2022-03-29 11:58:30,348 - kedro.pipeline.node - INFO - Running node: train: train_model([example_train_x,example_train_y,parameters]) -> [example_model]
2022-03-29 11:58:30,680 - kedro.io.data_catalog - INFO - Saving data to `example_model` (PickleDataSet)...
2022-03-29 11:58:30,682 - kedro.runner.sequential_runner - INFO - Completed 2 out of 4 tasks
2022-03-29 11:58:30,682 - kedro.io.data_catalog - INFO - Loading data from `example_model` (PickleDataSet)...
2022-03-29 11:58:30,683 - kedro.io.data_catalog - INFO - Loading data from `example_test_x` (PickleDataSet)...
2022-03-29 11:58:30,685 - kedro.pipeline.node - INFO - Running node: predict: predict([example_model,example_test_x]) -> [example_predictions]
2022-03-29 11:58:30,685 - kedro.io.data_catalog - INFO - Saving data to `example_predictions` (PickleDataSet)...
2022-03-29 11:58:30,687 - kedro.runner.sequential_runner - INFO - Completed 3 out of 4 tasks
2022-03-29 11:58:30,687 - kedro.io.data_catalog - INFO - Loading data from `example_predictions` (PickleDataSet)...
2022-03-29 11:58:30,689 - kedro.io.data_catalog - INFO - Loading data from `example_test_y` (PickleDataSet)...
2022-03-29 11:58:30,690 - kedro.pipeline.node - INFO - Running node: report: report_accuracy([example_predictions,example_test_y]) -> None
2022-03-29 11:58:30,691 - new_kedro_project.pipelines.data_science.nodes - INFO - Model accuracy on test set: 100.00%
2022-03-29 11:58:30,691 - kedro.runner.sequential_runner - INFO - Completed 4 out of 4 tasks
2022-03-29 11:58:30,692 - kedro.runner.sequential_runner - INFO - Pipeline execution completed successfully.
2022-03-29 11:58:30,692 - kedro.framework.session.store - INFO - `save()` not implemented for `BaseSessionStore`. Skipping the step.
